2021-02-17 20:37:55.868  INFO 33560 --- [main] lavalink.server.Launcher                 : 

[32m       .  [31m _                  _ _       _    [32m__ _ _
[32m      /\\ [31m| | __ ___   ____ _| (_)_ __ | | __[32m\ \ \ \
[32m     ( ( )[31m| |/ _` \ \ / / _` | | | '_ \| |/ /[32m \ \ \ \
[32m      \\/ [31m| | (_| |\ V / (_| | | | | | |   < [32m  ) ) ) )
[32m       '  [31m|_|\__,_| \_/ \__,_|_|_|_| |_|_|\_\[32m / / / /
[0m    =========================================[32m/_/_/_/[0m

	Version:        3.3.2.2
	Build:          1155
	Build time:     28.11.2020 11:50:13 UTC
	Branch          dev
	Commit:         23c883a
	Commit time:    28.11.2020 11:42:10 UTC
	JVM:            15.0.1
	Lavaplayer      1.3.61

2021-02-17 20:37:56.012  INFO 33560 --- [main] lavalink.server.Launcher                 : Starting Launcher on DESKTOP-P1PJ42S with PID 33560 (C:\Users\Δενθρ\source\repos\BotBotya\DiscordBot\bin\Debug\netcoreapp3.1\Lavalink.jar started by Δενθρ in C:\Users\Δενθρ\source\repos\BotBotya\DiscordBot\bin\Debug\netcoreapp3.1)
2021-02-17 20:37:56.013  INFO 33560 --- [main] lavalink.server.Launcher                 : No active profile set, falling back to default profiles: default
2021-02-17 20:37:56.132  WARN 33560 --- [background-preinit] o.s.h.c.j.Jackson2ObjectMapperBuilder    : For Jackson Kotlin classes support please add "com.fasterxml.jackson.module:jackson-module-kotlin" to the classpath
2021-02-17 20:37:57.691  WARN 33560 --- [main] io.undertow.websockets.jsr               : UT026010: Buffer pool was not set on WebSocketDeploymentInfo, the default pool will be used
2021-02-17 20:37:57.729  INFO 33560 --- [main] io.undertow.servlet                      : Initializing Spring embedded WebApplicationContext
2021-02-17 20:37:57.729  INFO 33560 --- [main] o.s.web.context.ContextLoader            : Root WebApplicationContext: initialization completed in 1643 ms
2021-02-17 20:37:58.212  WARN 33560 --- [main] l.server.config.SentryConfiguration      : Turning off sentry
2021-02-17 20:37:58.618  INFO 33560 --- [main] c.s.d.l.tools.GarbageCollectionMonitor   : GC monitoring enabled, reporting results every 2 minutes.
2021-02-17 20:37:58.950  INFO 33560 --- [main] lavalink.server.config.KoeConfiguration  : OS: Windows 10, Arch: amd64
2021-02-17 20:37:58.951  WARN 33560 --- [main] lavalink.server.config.KoeConfiguration  : This system and architecture appears to not support native audio sending! GC pauses may cause your bot to stutter during playback.
2021-02-17 20:37:59.280  INFO 33560 --- [main] o.s.s.concurrent.ThreadPoolTaskExecutor  : Initializing ExecutorService 'applicationTaskExecutor'
2021-02-17 20:37:59.690  INFO 33560 --- [main] org.xnio                                 : XNIO version 3.3.8.Final
2021-02-17 20:37:59.708  INFO 33560 --- [main] org.xnio.nio                             : XNIO NIO Implementation Version 3.3.8.Final
2021-02-17 20:37:59.792  INFO 33560 --- [main] o.s.b.w.e.u.UndertowServletWebServer     : Undertow started on port(s) 2333 (http) with context path ''
2021-02-17 20:37:59.797  INFO 33560 --- [main] lavalink.server.Launcher                 : Started Launcher in 4.57 seconds (JVM running for 5.46)
2021-02-17 20:37:59.800  INFO 33560 --- [main] lavalink.server.Launcher                 : You can safely ignore the big red warning about illegal reflection. See https://github.com/Frederikam/Lavalink/issues/295
2021-02-17 20:38:11.827  INFO 33560 --- [XNIO-1 task-1] io.undertow.servlet                      : Initializing Spring DispatcherServlet 'dispatcherServlet'
2021-02-17 20:38:11.828  INFO 33560 --- [XNIO-1 task-1] o.s.web.servlet.DispatcherServlet        : Initializing Servlet 'dispatcherServlet'
2021-02-17 20:38:11.838  INFO 33560 --- [XNIO-1 task-1] o.s.web.servlet.DispatcherServlet        : Completed initialization in 10 ms
2021-02-17 20:38:11.869  INFO 33560 --- [XNIO-1 task-1] l.server.io.HandshakeInterceptorImpl     : Incoming connection from /127.0.0.1:50307
2021-02-17 20:38:11.972  INFO 33560 --- [XNIO-1 task-1] lavalink.server.io.SocketServer          : Connection successfully established from /127.0.0.1:50307
2021-02-17 20:38:25.019  INFO 33560 --- [XNIO-1 task-2] l.server.player.AudioLoaderRestHandler   : Got request to load for identifier "ytsearch:Hislerim"
2021-02-17 20:38:26.505  INFO 33560 --- [lava-daemon-pool-info-loader-2-thread-1] lavalink.server.player.AudioLoader       : Loaded playlist Search results for: Hislerim
2021-02-17 20:38:26.585  INFO 33560 --- [XNIO-1 I/O-15] lavalink.server.io.SocketServer          : {"endTime":0,"track":"QAAAhQIAJVNlcmhhdCBEdXJtdXMgLSBIaXNsZXJpbSAoZnQuIFplcnJpbikABlZWIFRPUAAAAAAAAzwgAAt2dVFSNk1qNjRqUQABACtodHRwczovL3d3dy55b3V0dWJlLmNvbS93YXRjaD92PXZ1UVI2TWo2NGpRAAd5b3V0dWJlAAAAAAAAAAA=","noReplace":false,"startTime":0,"guildId":"777618262074458202","op":"play"}
2021-02-17 20:38:30.898  INFO 33560 --- [XNIO-1 I/O-15] lavalink.server.io.SocketServer          : {"guildId":"777618262074458202","sessionId":"9c9c39a6926df1a323230a4f8bf14bec","event":{"token":"d5705ac19c12055f","endpoint":"russia4675.discord.media:443"},"op":"voiceUpdate"}
2021-02-17 20:38:47.985  INFO 33560 --- [XNIO-1 I/O-15] lavalink.server.io.SocketServer          : {"guildId":"777618262074458202","op":"stop"}
2021-02-17 20:38:47.987  INFO 33560 --- [XNIO-1 I/O-15] lavalink.server.io.SocketServer          : {"guildId":"777618262074458202","op":"destroy"}
2021-02-17 20:38:53.384  INFO 33560 --- [Thread-1] o.s.s.concurrent.ThreadPoolTaskExecutor  : Shutting down ExecutorService 'applicationTaskExecutor'
2021-02-17 20:38:53.386  INFO 33560 --- [Thread-1] c.s.d.l.tools.GarbageCollectionMonitor   : GC monitoring disabled.
2021-02-17 20:38:53.390  INFO 33560 --- [Thread-1] io.undertow.servlet                      : Destroying Spring FrameworkServlet 'dispatcherServlet'
2021-02-17 20:38:53.399 ERROR 33560 --- [XNIO-1 I/O-15] org.xnio.listener                        : XNIO001007: A channel event listener threw an exception

java.util.concurrent.RejectedExecutionException: XNIO007007: Thread is terminating
	at org.xnio.nio.WorkerThread.execute(WorkerThread.java:590) ~[xnio-nio-3.3.8.Final.jar!/:3.3.8.Final]
	at io.undertow.websockets.jsr.UndertowSession$3.handleEvent(UndertowSession.java:396) ~[undertow-websockets-jsr-2.0.26.Final.jar!/:2.0.26.Final]
	at io.undertow.websockets.jsr.UndertowSession$3.handleEvent(UndertowSession.java:388) ~[undertow-websockets-jsr-2.0.26.Final.jar!/:2.0.26.Final]
	at org.xnio.ChannelListeners.invokeChannelListener(ChannelListeners.java:92) ~[xnio-api-3.3.8.Final.jar!/:3.3.8.Final]
	at io.undertow.server.protocol.framed.AbstractFramedChannel$FrameCloseListener.handleEvent(AbstractFramedChannel.java:1063) ~[undertow-core-2.0.26.Final.jar!/:2.0.26.Final]
	at io.undertow.server.protocol.framed.AbstractFramedChannel$FrameCloseListener.handleEvent(AbstractFramedChannel.java:978) ~[undertow-core-2.0.26.Final.jar!/:2.0.26.Final]
	at org.xnio.ChannelListeners.invokeChannelListener(ChannelListeners.java:92) ~[xnio-api-3.3.8.Final.jar!/:3.3.8.Final]
	at org.xnio.conduits.WriteReadyHandler$ChannelListenerHandler.terminated(WriteReadyHandler.java:70) ~[xnio-api-3.3.8.Final.jar!/:3.3.8.Final]
	at org.xnio.nio.NioSocketConduit.writeTerminated(NioSocketConduit.java:234) ~[xnio-nio-3.3.8.Final.jar!/:3.3.8.Final]
	at org.xnio.nio.NioSocketConduit.terminateWrites(NioSocketConduit.java:223) ~[xnio-nio-3.3.8.Final.jar!/:3.3.8.Final]
	at org.xnio.nio.NioSocketConduit.truncateWrites(NioSocketConduit.java:228) ~[xnio-nio-3.3.8.Final.jar!/:3.3.8.Final]
	at io.undertow.conduits.IdleTimeoutConduit.truncateWrites(IdleTimeoutConduit.java:387) ~[undertow-core-2.0.26.Final.jar!/:2.0.26.Final]
	at org.xnio.conduits.ConduitStreamSinkChannel.close(ConduitStreamSinkChannel.java:186) ~[xnio-api-3.3.8.Final.jar!/:3.3.8.Final]
	at org.xnio.IoUtils.safeClose(IoUtils.java:134) ~[xnio-api-3.3.8.Final.jar!/:3.3.8.Final]
	at org.xnio.conduits.WriteReadyHandler$ChannelListenerHandler.forceTermination(WriteReadyHandler.java:57) ~[xnio-api-3.3.8.Final.jar!/:3.3.8.Final]
	at org.xnio.nio.NioSocketConduit.forceTermination(NioSocketConduit.java:107) ~[xnio-nio-3.3.8.Final.jar!/:3.3.8.Final]
	at org.xnio.nio.WorkerThread.run(WorkerThread.java:494) ~[xnio-nio-3.3.8.Final.jar!/:3.3.8.Final]

